<?xml version="1.0" encoding="UTF-8"?>
<testsuite name="com.petstore.cucumber.CucumberRunner" time="3.485" tests="40" errors="0" skipped="0" failures="0">
  <properties>
    <property name="idea.version" value="2022.2.2"/>
    <property name="java.runtime.name" value="Java(TM) SE Runtime Environment"/>
    <property name="sun.boot.library.path" value="C:\Program Files\Java\jdk1.8.0_121\jre\bin"/>
    <property name="java.vm.version" value="25.121-b13"/>
    <property name="java.vm.vendor" value="Oracle Corporation"/>
    <property name="maven.multiModuleProjectDirectory" value="C:\Users\Rx_bh\Desktop\Kajal ST\Weekly Manuals\p4-petstore-serenity-cucumber-wk19-kajal"/>
    <property name="java.vendor.url" value="http://java.oracle.com/"/>
    <property name="path.separator" value=";"/>
    <property name="guice.disable.misplaced.annotation.check" value="true"/>
    <property name="java.vm.name" value="Java HotSpot(TM) 64-Bit Server VM"/>
    <property name="file.encoding.pkg" value="sun.io"/>
    <property name="user.script" value=""/>
    <property name="user.country" value="US"/>
    <property name="sun.java.launcher" value="SUN_STANDARD"/>
    <property name="sun.os.patch.level" value=""/>
    <property name="java.vm.specification.name" value="Java Virtual Machine Specification"/>
    <property name="user.dir" value="C:\Users\Rx_bh\Desktop\Kajal ST\Weekly Manuals\p4-petstore-serenity-cucumber-wk19-kajal"/>
    <property name="java.runtime.version" value="1.8.0_121-b13"/>
    <property name="java.awt.graphicsenv" value="sun.awt.Win32GraphicsEnvironment"/>
    <property name="java.endorsed.dirs" value="C:\Program Files\Java\jdk1.8.0_121\jre\lib\endorsed"/>
    <property name="os.arch" value="amd64"/>
    <property name="java.io.tmpdir" value="C:\Users\Rx_bh\AppData\Local\Temp\"/>
    <property name="line.separator" value="&#10;"/>
    <property name="java.vm.specification.vendor" value="Oracle Corporation"/>
    <property name="user.variant" value=""/>
    <property name="os.name" value="Windows 10"/>
    <property name="maven.ext.class.path" value="C:\Program Files\JetBrains\IntelliJ IDEA Community Edition 2022.2.2\plugins\maven\lib\maven-event-listener.jar"/>
    <property name="classworlds.conf" value="C:\Program Files\JetBrains\IntelliJ IDEA Community Edition 2022.2.2\plugins\maven\lib\maven3\bin\m2.conf"/>
    <property name="sun.jnu.encoding" value="Cp1252"/>
    <property name="java.library.path" value="C:\Program Files\Java\jdk1.8.0_121\bin;C:\Windows\Sun\Java\bin;C:\Windows\system32;C:\Windows;C:\ProgramData\Oracle\Java\javapath;C:\Windows\system32;C:\Windows;C:\Windows\System32\Wbem;C:\Windows\System32\WindowsPowerShell\v1.0\;C:\Windows\System32\OpenSSH\;C:\Program Files\dotnet\;C:\Program Files\Java\jdk1.8.0_121\bin;C:\Program Files\Git\cmd;%MVN_HOME%\bin;C:\Program Files\Java\jdk1.8.0_121\bin;C:\Program Files\Apache\apache-maven-3.8.6\bin;C:\Program Files\nodejs\;C:\Users\Rx_bh\AppData\Local\Microsoft\WindowsApps;C:\Users\Rx_bh\AppData\Roaming\npm;."/>
    <property name="maven.conf" value="C:\Program Files\JetBrains\IntelliJ IDEA Community Edition 2022.2.2\plugins\maven\lib\maven3/conf"/>
    <property name="java.specification.name" value="Java Platform API Specification"/>
    <property name="java.class.version" value="52.0"/>
    <property name="sun.management.compiler" value="HotSpot 64-Bit Tiered Compilers"/>
    <property name="os.version" value="10.0"/>
    <property name="user.home" value="C:\Users\Rx_bh"/>
    <property name="tags" value="gorestfeature:NEGATIVE"/>
    <property name="user.timezone" value="Europe/London"/>
    <property name="java.awt.printerjob" value="sun.awt.windows.WPrinterJob"/>
    <property name="java.specification.version" value="1.8"/>
    <property name="file.encoding" value="UTF-8"/>
    <property name="user.name" value="Rx_bh"/>
    <property name="java.class.path" value="C:\Program Files\JetBrains\IntelliJ IDEA Community Edition 2022.2.2\plugins\maven\lib\maven3\boot\plexus-classworlds-2.6.0.jar;C:\Program Files\JetBrains\IntelliJ IDEA Community Edition 2022.2.2\plugins\maven\lib\maven3\boot\plexus-classworlds.license;C:\Program Files\JetBrains\IntelliJ IDEA Community Edition 2022.2.2\lib\idea_rt.jar"/>
    <property name="java.vm.specification.version" value="1.8"/>
    <property name="sun.arch.data.model" value="64"/>
    <property name="java.home" value="C:\Program Files\Java\jdk1.8.0_121\jre"/>
    <property name="sun.java.command" value="org.codehaus.classworlds.Launcher -Didea.version=2022.2.2 clean verify -Dtags=gorestfeature:NEGATIVE serenity:aggregate"/>
    <property name="java.specification.vendor" value="Oracle Corporation"/>
    <property name="user.language" value="en"/>
    <property name="awt.toolkit" value="sun.awt.windows.WToolkit"/>
    <property name="java.vm.info" value="mixed mode"/>
    <property name="java.version" value="1.8.0_121"/>
    <property name="java.ext.dirs" value="C:\Program Files\Java\jdk1.8.0_121\jre\lib\ext;C:\Windows\Sun\Java\lib\ext"/>
    <property name="sun.boot.class.path" value="C:\Program Files\Java\jdk1.8.0_121\jre\lib\resources.jar;C:\Program Files\Java\jdk1.8.0_121\jre\lib\rt.jar;C:\Program Files\Java\jdk1.8.0_121\jre\lib\sunrsasign.jar;C:\Program Files\Java\jdk1.8.0_121\jre\lib\jsse.jar;C:\Program Files\Java\jdk1.8.0_121\jre\lib\jce.jar;C:\Program Files\Java\jdk1.8.0_121\jre\lib\charsets.jar;C:\Program Files\Java\jdk1.8.0_121\jre\lib\jfr.jar;C:\Program Files\Java\jdk1.8.0_121\jre\classes"/>
    <property name="java.vendor" value="Oracle Corporation"/>
    <property name="maven.home" value="C:\Program Files\JetBrains\IntelliJ IDEA Community Edition 2022.2.2\plugins\maven\lib\maven3"/>
    <property name="file.separator" value="\"/>
    <property name="java.vendor.url.bug" value="http://bugreport.sun.com/bugreport/"/>
    <property name="sun.cpu.endian" value="little"/>
    <property name="sun.io.unicode.encoding" value="UnicodeLittle"/>
    <property name="sun.desktop" value="windows"/>
    <property name="sun.cpu.isalist" value="amd64"/>
  </properties>
  <testcase name="Given Petstore app is running" classname="| 012 | Prince | Owned |" time="0.003"/>
  <testcase name="Given Petstore app is running" classname="| 012 | Prince | Owned |" time="0"/>
  <testcase name="When I create a new Pet by providing petID &quot;012&quot; name &quot;Prince&quot; status &quot;Owned&quot;" classname="| 012 | Prince | Owned |" time="0.001"/>
  <testcase name="When I create a new Pet by providing petID &quot;012&quot; name &quot;Prince&quot; status &quot;Owned&quot;" classname="| 012 | Prince | Owned |" time="0"/>
  <testcase name="Then I must get back a valid status code 200" classname="| 012 | Prince | Owned |" time="0"/>
  <testcase name="| 012 | Prince | Owned |" classname="| 012 | Prince | Owned |" time="2.041"/>
  <testcase name="| 012 | Prince | Owned |" classname="| 012 | Prince | Owned |" time="0.053"/>
  <testcase name="| 012 | Prince | Owned |" classname="| 012 | Prince | Owned |" time="0.585"/>
  <testcase name="When I send GET request for petID &quot;&lt;id&gt;&quot;" classname="Scenario: As a user I am getting detail of new pet" time="0"/>
  <testcase name="Then I must get back valid status code 200" classname="Scenario: As a user I am getting detail of new pet" time="0"/>
  <testcase name="Scenario: As a user I am getting detail of new pet" classname="Scenario: As a user I am getting detail of new pet" time="0.058"/>
  <testcase name="When I update a Pet by providing petID &quot;012&quot; name &quot;Prince&quot; status &quot;Owned&quot;" classname="| 012 | Prince | Owned |" time="0"/>
  <testcase name="Then I must get a valid status code 200" classname="| 012 | Prince | Owned |" time="0"/>
  <testcase name="When I send delete request by petID &quot;&lt;id&gt;&quot;" classname="Scenario: As user I am deleting Pet detail" time="0"/>
  <testcase name="Then pet detail get deleted and get status code 200" classname="Scenario: As user I am deleting Pet detail" time="0"/>
  <testcase name="Scenario: As user I am deleting Pet detail" classname="Scenario: As user I am deleting Pet detail" time="0.061"/>
  <testcase name="And I send GET request for petID &quot;012&quot;" classname="| 012 | Prince | Owned |" time="0"/>
  <testcase name="And I update a Pet by providing petID &quot;012&quot; name &quot;Prince&quot; status &quot;Owned&quot;" classname="| 012 | Prince | Owned |" time="0"/>
  <testcase name="And I send delete request by petID &quot;012&quot;" classname="| 012 | Prince | Owned |" time="0"/>
  <testcase name="Then pet detail get deleted and get status code 200" classname="| 012 | Prince | Owned |" time="0"/>
  <testcase name="Given Petstore app is running" classname="| 786 | HarryP | Harry | Potter | H.Potter@gmail.com | abc123 | 012345678 | 1 |" time="0"/>
  <testcase name="Given Petstore app is running" classname="| 786 | HarryP | Harry | Potter | H.Potter@gmail.com | abc123 | 012345678 | 1 |" time="0"/>
  <testcase name="When I create a new user by providing userID &quot;786&quot; username &quot;HarryP&quot; firstName &quot;Harry&quot; lastName &quot;Potter&quot; email &quot;H.Potter@gmail.com&quot; password &quot;abc123&quot; phone &quot;012345678&quot; userStatus &quot;1&quot;" classname="| 786 | HarryP | Harry | Potter | H.Potter@gmail.com | abc123 | 012345678 | 1 |" time="0"/>
  <testcase name="When I create a new user by providing userID &quot;786&quot; username &quot;HarryP&quot; firstName &quot;Harry&quot; lastName &quot;Potter&quot; email &quot;H.Potter@gmail.com&quot; password &quot;abc123&quot; phone &quot;012345678&quot; userStatus &quot;1&quot;" classname="| 786 | HarryP | Harry | Potter | H.Potter@gmail.com | abc123 | 012345678 | 1 |" time="0"/>
  <testcase name="Then user must get back a valid status code 200" classname="| 786 | HarryP | Harry | Potter | H.Potter@gmail.com | abc123 | 012345678 | 1 |" time="0"/>
  <testcase name="| 786 | HarryP | Harry | Potter | H.Potter@gmail.com | abc123 | 012345678 | 1 |" classname="| 786 | HarryP | Harry | Potter | H.Potter@gmail.com | abc123 | 012345678 | 1 |" time="0.578"/>
  <testcase name="| 786 | HarryP | Harry | Potter | H.Potter@gmail.com | abc123 | 012345678 | 1 |" classname="| 786 | HarryP | Harry | Potter | H.Potter@gmail.com | abc123 | 012345678 | 1 |" time="0.567"/>
  <testcase name="When I send GET request for userID &quot;&lt;id&gt;&quot;" classname="Scenario: As a user I am getting detail of new user" time="0"/>
  <testcase name="Then I should get back a valid status code 200" classname="Scenario: As a user I am getting detail of new user" time="0"/>
  <testcase name="Scenario: As a user I am getting detail of new user" classname="Scenario: As a user I am getting detail of new user" time="0.579"/>
  <testcase name="When I update user by providing userID &quot;786&quot; username &quot;HarryP&quot; firstName &quot;Harryp&quot; lastName &quot;Potter&quot; email &quot;Harry.Potter@gmail.com&quot; password &quot;abc123&quot; phone &quot;012345678&quot; userStatus &quot;1&quot;" classname="| 786 | HarryP | Harryp | Potter | Harry.Potter@gmail.com | abc123 | 012345678 | 1 |" time="0"/>
  <testcase name="Then I should get a valid status code 200" classname="| 786 | HarryP | Harryp | Potter | Harry.Potter@gmail.com | abc123 | 012345678 | 1 |" time="0"/>
  <testcase name="| 786 | HarryP | Harryp | Potter | Harry.Potter@gmail.com | abc123 | 012345678 | 1 |" classname="| 786 | HarryP | Harryp | Potter | Harry.Potter@gmail.com | abc123 | 012345678 | 1 |" time="0.083"/>
  <testcase name="When I send delete request by userID &quot;&lt;id&gt;&quot;" classname="Scenario: As user I am deleting user detail" time="0"/>
  <testcase name="Then user get deleted and get status code 200" classname="Scenario: As user I am deleting user detail" time="0"/>
  <testcase name="Scenario: As user I am deleting user detail" classname="Scenario: As user I am deleting user detail" time="0.081"/>
  <testcase name="And I send GET request for userID &quot;786&quot;" classname="| 786 | HarryP | Harry | Potter | H.Potter@gmail.com | abc123 | 012345678 | 1 |" time="0"/>
  <testcase name="And I update user by providing userID &quot;786&quot; username &quot;HarryP&quot; firstName &quot;Harry&quot; lastName &quot;Potter&quot; email &quot;H.Potter@gmail.com&quot; password &quot;abc123&quot; phone &quot;012345678&quot; userStatus &quot;1&quot;" classname="| 786 | HarryP | Harry | Potter | H.Potter@gmail.com | abc123 | 012345678 | 1 |" time="0"/>
  <testcase name="And I send delete request by userID &quot;786&quot;" classname="| 786 | HarryP | Harry | Potter | H.Potter@gmail.com | abc123 | 012345678 | 1 |" time="0"/>
  <testcase name="Then user get deleted and get status code 200" classname="| 786 | HarryP | Harry | Potter | H.Potter@gmail.com | abc123 | 012345678 | 1 |" time="0"/>
</testsuite>